1/23/2018 10:31:01 PM	This log contains information about the import schema operation into project 'ProgrammersBlog.Database' on computer 'EN410354' by user 'arussu'.
1/23/2018 10:31:02 PM	Import of database schema has started.
1/23/2018 10:31:08 PM	Gathering database options
1/23/2018 10:31:08 PM	Gathering users
1/23/2018 10:31:08 PM	Gathering roles
1/23/2018 10:31:08 PM	Gathering application roles
1/23/2018 10:31:08 PM	Gathering role memberships
1/23/2018 10:31:08 PM	Gathering filegroups
1/23/2018 10:31:08 PM	Gathering full-text catalogs
1/23/2018 10:31:08 PM	Gathering assemblies
1/23/2018 10:31:08 PM	Gathering certificates
1/23/2018 10:31:08 PM	Gathering asymmetric keys
1/23/2018 10:31:08 PM	Gathering symmetric keys
1/23/2018 10:31:08 PM	Gathering encrypted symmetric keys
1/23/2018 10:31:08 PM	Gathering schemas
1/23/2018 10:31:08 PM	Gathering XML schema collections
1/23/2018 10:31:08 PM	Gathering user-defined data types
1/23/2018 10:31:08 PM	Gathering user-defined types
1/23/2018 10:31:08 PM	Gathering table types
1/23/2018 10:31:08 PM	Gathering unique keys for table types
1/23/2018 10:31:08 PM	Gathering primary keys for table types
1/23/2018 10:31:08 PM	Gathering indexes for table types
1/23/2018 10:31:08 PM	Gathering check constraints for table types
1/23/2018 10:31:08 PM	Gathering default constraints for table types
1/23/2018 10:31:08 PM	Gathering partition functions
1/23/2018 10:31:08 PM	Gathering partition schemes
1/23/2018 10:31:08 PM	Gathering functions
1/23/2018 10:31:08 PM	Gathering encrypted functions
1/23/2018 10:31:08 PM	Gathering aggregates
1/23/2018 10:31:08 PM	Gathering procedures
1/23/2018 10:31:08 PM	Gathering encrypted procedures
1/23/2018 10:31:08 PM	Gathering tables
1/23/2018 10:31:08 PM	Gathering primary keys
1/23/2018 10:31:08 PM	Gathering unique constraints
1/23/2018 10:31:08 PM	Gathering foreign keys
1/23/2018 10:31:08 PM	Gathering default constraints
1/23/2018 10:31:08 PM	Gathering check constraints
1/23/2018 10:31:08 PM	Gathering views
1/23/2018 10:31:08 PM	Gathering encrypted views
1/23/2018 10:31:08 PM	Gathering indexes
1/23/2018 10:31:08 PM	Gathering statistics
1/23/2018 10:31:08 PM	Gathering full-text index stoplists
1/23/2018 10:31:08 PM	Gathering search property lists
1/23/2018 10:31:08 PM	Gathering search properties
1/23/2018 10:31:08 PM	Gathering full-text indexes
1/23/2018 10:31:08 PM	Gathering column store indexes
1/23/2018 10:31:08 PM	Gathering spatial indexes
1/23/2018 10:31:08 PM	Gathering XML indexes
1/23/2018 10:31:08 PM	Gathering Selective XML indexes
1/23/2018 10:31:09 PM	Gathering encrypted triggers
1/23/2018 10:31:09 PM	Gathering triggers
1/23/2018 10:31:09 PM	Gathering encrypted and clr ddl triggers
1/23/2018 10:31:09 PM	Gathering ddl triggers
1/23/2018 10:31:09 PM	Gathering synonyms
1/23/2018 10:31:09 PM	Gathering defaults
1/23/2018 10:31:09 PM	Gathering data constraint uddt bindings
1/23/2018 10:31:09 PM	Gathering rules
1/23/2018 10:31:09 PM	Gathering data constraint uddt bindings
1/23/2018 10:31:09 PM	Gathering message types
1/23/2018 10:31:09 PM	Gathering queues
1/23/2018 10:31:09 PM	Gathering contracts
1/23/2018 10:31:09 PM	Gathering services
1/23/2018 10:31:09 PM	Gathering event notifications
1/23/2018 10:31:09 PM	Gathering remote service bindings
1/23/2018 10:31:09 PM	Gathering broker priorities
1/23/2018 10:31:09 PM	Gathering signatures
1/23/2018 10:31:09 PM	Gathering data compression options
1/23/2018 10:31:09 PM	Gathering sequence types
1/23/2018 10:31:09 PM	Gathering extended properties
1/23/2018 10:31:09 PM	Gathering credentials
1/23/2018 10:31:09 PM	Gathering logins
1/23/2018 10:31:09 PM	Gathering server audits
1/23/2018 10:31:09 PM	Scanning project for duplicate elements
1/23/2018 10:31:10 PM	Finished duplicate element processing
1/23/2018 10:31:10 PM	Finished importing database.
1/23/2018 10:31:10 PM	A summary of the import was saved to the following location: C:\Projects\ProgrammersBlog\ProgrammersBlog.Database\Import Schema Logs\ProgrammersBlog.Data_20180123083101.log
1/23/2018 10:31:10 PM	Click Finish to continue...
